Build started 5/14/2014 6:26:05 PM.
     1>Project "C:\Users\Som3a\Desktop\GL Post Processors\God Rays\God Rays.vcxproj" on node 2 (Build target(s)).
       Project file contains ToolsVersion="12.0". This toolset may be unknown or missing, in which case you may be able to resolve this by installing the appropriate version of MSBuild, or the build may have been forced to a particular ToolsVersion for policy reasons. Treating the project as if it had ToolsVersion="4.0". For more information, please see http://go.microsoft.com/fwlink/?LinkId=291333.
     1>InitializeBuildStatus:
         Creating "Debug\God Rays.unsuccessfulbuild" because "AlwaysCreate" was specified.
       ClCompile:
         All outputs are up-to-date.
         C:\Program Files (x86)\Microsoft Visual Studio 11.0\VC\bin\CL.exe /c /ZI /nologo /W3 /WX- /sdl /Od /Oy- /D WIN32 /D _DEBUG /D _CONSOLE /D _LIB /D _CRT_SECURE_NO_WARNINGS /D _UNICODE /D UNICODE /Gm /EHsc /RTC1 /MDd /GS /fp:precise /Zc:wchar_t /Zc:forScope /Yu"stdafx.h" /Fp"Debug\God Rays.pch" /Fo"Debug\\" /Fd"Debug\vc110.pdb" /Gd /TP /analyze- /errorReport:prompt "God Rays.cpp"
         God Rays.cpp
     1>c:\users\som3a\desktop\gl post processors\god rays\god rays.cpp(82): warning C4715: 'InitShader' : not all control paths return a value
       Link:
         C:\Program Files (x86)\Microsoft Visual Studio 11.0\VC\bin\link.exe /ERRORREPORT:PROMPT /OUT:"C:\Users\Som3a\Desktop\GL Post Processors\Debug\God Rays.exe" /INCREMENTAL /NOLOGO glew32.lib kernel32.lib user32.lib gdi32.lib winspool.lib comdlg32.lib advapi32.lib shell32.lib ole32.lib oleaut32.lib uuid.lib odbc32.lib odbccp32.lib /MANIFEST /MANIFESTUAC:"level='asInvoker' uiAccess='false'" /manifest:embed /DEBUG /PDB:"C:\Users\Som3a\Desktop\GL Post Processors\Debug\God Rays.pdb" /SUBSYSTEM:CONSOLE /TLBID:1 /DYNAMICBASE /NXCOMPAT /IMPLIB:"C:\Users\Som3a\Desktop\GL Post Processors\Debug\God Rays.lib" /MACHINE:X86 "Debug\God Rays.obj"
         Debug\shader_utils.obj
         Debug\stdafx.obj
         God Rays.vcxproj -> C:\Users\Som3a\Desktop\GL Post Processors\Debug\God Rays.exe
       FinalizeBuildStatus:
         Deleting file "Debug\God Rays.unsuccessfulbuild".
         Touching "Debug\God Rays.lastbuildstate".
     1>Done Building Project "C:\Users\Som3a\Desktop\GL Post Processors\God Rays\God Rays.vcxproj" (Build target(s)).

Build succeeded.

Time Elapsed 00:00:00.23
