C:\USERS\SOM3A\DESKTOP\GL POST PROCESSORS\GOD RAYS\DEBUG\GOD RAYS.PCH
C:\USERS\SOM3A\DESKTOP\GL POST PROCESSORS\GOD RAYS\DEBUG\STDAFX.OBJ
C:\USERS\SOM3A\DESKTOP\GL POST PROCESSORS\GOD RAYS\DEBUG\VC110.PDB
C:\USERS\SOM3A\DESKTOP\GL POST PROCESSORS\GOD RAYS\DEBUG\GOD RAYS.OBJ
C:\USERS\SOM3A\DESKTOP\GL POST PROCESSORS\GOD RAYS\DEBUG\SHADER_UTILS.OBJ
C:\USERS\SOM3A\DESKTOP\GL POST PROCESSORS\DEBUG\GOD RAYS.ILK
C:\USERS\SOM3A\DESKTOP\GL POST PROCESSORS\DEBUG\GOD RAYS.EXE
C:\USERS\SOM3A\DESKTOP\GL POST PROCESSORS\DEBUG\GOD RAYS.PDB
C:\Users\Som3a\Desktop\GL Post Processors\God Rays\Debug\God Rays.obj
C:\Users\Som3a\Desktop\GL Post Processors\God Rays\Debug\shader_utils.obj
C:\Users\Som3a\Desktop\GL Post Processors\God Rays\Debug\stdafx.obj
C:\Users\Som3a\Desktop\GL Post Processors\God Rays\Debug\cl.command.1.tlog
C:\Users\Som3a\Desktop\GL Post Processors\God Rays\Debug\CL.read.1.tlog
C:\Users\Som3a\Desktop\GL Post Processors\God Rays\Debug\CL.write.1.tlog
C:\Users\Som3a\Desktop\GL Post Processors\God Rays\Debug\link-cvtres.read.1.tlog
C:\Users\Som3a\Desktop\GL Post Processors\God Rays\Debug\link-cvtres.write.1.tlog
C:\Users\Som3a\Desktop\GL Post Processors\God Rays\Debug\link-rc.read.1.tlog
C:\Users\Som3a\Desktop\GL Post Processors\God Rays\Debug\link-rc.write.1.tlog
C:\Users\Som3a\Desktop\GL Post Processors\God Rays\Debug\link.command.1.tlog
C:\Users\Som3a\Desktop\GL Post Processors\God Rays\Debug\link.read.1.tlog
C:\Users\Som3a\Desktop\GL Post Processors\God Rays\Debug\link.write.1.tlog
C:\Users\Som3a\Desktop\GL Post Processors\God Rays\Debug\God Rays.pch
C:\Users\Som3a\Desktop\GL Post Processors\God Rays\Debug\vc110.idb
C:\Users\Som3a\Desktop\GL Post Processors\God Rays\Debug\vc110.pdb
C:\Users\Som3a\Desktop\GL Post Processors\Debug\God Rays.pdb
C:\Users\Som3a\Desktop\GL Post Processors\Debug\God Rays.exe
C:\Users\Som3a\Desktop\GL Post Processors\Debug\God Rays.ilk
